<?xml version="1.0" encoding="UTF-8"?>
<!-- Generated by org.testng.reporters.JUnitReportReporter -->
<testsuite hostname="AC-LAP-074" failures="0" tests="1" name="org.android.test.tc_4" time="3.808" errors="0" timestamp="2024-09-19T11:23:30 IST" skipped="0">
  <testcase classname="org.android.test.tc_4" name="Errormsg" time="3.808"/>
</testsuite> <!-- org.android.test.tc_4 -->
